<?xml version="1.0" encoding="UTF-8"?>
<testng-results ignored="0" total="2" passed="2" failed="0" skipped="0">
  <reporter-output>
  </reporter-output>
  <suite started-at="2022-10-11T10:12:42 IST" name="Default suite" finished-at="2022-10-11T10:14:45 IST" duration-ms="123186">
    <groups>
    </groups>
    <test started-at="2022-10-11T10:12:42 IST" name="Default test" finished-at="2022-10-11T10:14:45 IST" duration-ms="123186">
      <class name="com.simplilearn.testng.NewTest">
        <test-method is-config="true" signature="beforeMethod()[pri:0, instance:com.simplilearn.testng.NewTest@550ee7e5]" started-at="2022-10-11T10:12:42 IST" name="beforeMethod" finished-at="2022-10-11T10:12:45 IST" duration-ms="2585" status="PASS">
          <reporter-output>
          </reporter-output>
        </test-method> <!-- beforeMethod -->
        <test-method signature="LoadTime()[pri:0, instance:com.simplilearn.testng.NewTest@550ee7e5]" started-at="2022-10-11T10:12:45 IST" name="LoadTime" finished-at="2022-10-11T10:13:57 IST" duration-ms="72286" status="PASS">
          <reporter-output>
          </reporter-output>
        </test-method> <!-- LoadTime -->
        <test-method is-config="true" signature="afterMethod()[pri:0, instance:com.simplilearn.testng.NewTest@550ee7e5]" started-at="2022-10-11T10:13:57 IST" name="afterMethod" finished-at="2022-10-11T10:13:57 IST" duration-ms="0" status="PASS">
          <reporter-output>
          </reporter-output>
        </test-method> <!-- afterMethod -->
        <test-method is-config="true" signature="beforeMethod()[pri:0, instance:com.simplilearn.testng.NewTest@550ee7e5]" started-at="2022-10-11T10:13:57 IST" name="beforeMethod" finished-at="2022-10-11T10:13:58 IST" duration-ms="1467" status="PASS">
          <reporter-output>
          </reporter-output>
        </test-method> <!-- beforeMethod -->
        <test-method signature="search()[pri:0, instance:com.simplilearn.testng.NewTest@550ee7e5]" started-at="2022-10-11T10:13:58 IST" name="search" finished-at="2022-10-11T10:14:45 IST" duration-ms="46773" status="PASS">
          <reporter-output>
          </reporter-output>
        </test-method> <!-- search -->
        <test-method is-config="true" signature="afterMethod()[pri:0, instance:com.simplilearn.testng.NewTest@550ee7e5]" started-at="2022-10-11T10:14:45 IST" name="afterMethod" finished-at="2022-10-11T10:14:45 IST" duration-ms="1" status="PASS">
          <reporter-output>
          </reporter-output>
        </test-method> <!-- afterMethod -->
      </class> <!-- com.simplilearn.testng.NewTest -->
    </test> <!-- Default test -->
  </suite> <!-- Default suite -->
</testng-results>
